[2020-04-07 12:41:15] [info] Start Program:
Path:"D:\\C++\\lab6-7 NEW\\Debug\\lab6-7 NEW.exe"
Arguments:
Working directory: "D:\\C++\\lab6-7 NEW\\"
Modules: Selected: D:\C++\lab6-7 NEW\Debug\lab6-7 NEW.exe Excluded: 
Sources: Selected: D:\C++\lab6-7 NEW Excluded: UI.cpp 
Log Level: Normal
Cover Children: 0
Aggregate by file: 1
Continue after C++ exception: 0
Optimized build support: 0
Export: binary C:\Users\redta\AppData\Local\Temp\n5j1odvr.dd5 
Input coverage: 
Unified diff: 
Excluded line regular expressions: 
Substitute pdb source paths: 

[2020-04-07 12:41:15] [info] Module: D:\C++\lab6-7 NEW\Debug\lab6-7 NEW.exe is selected because it matches selected pattern: D:\C++\lab6-7 NEW\Debug\lab6-7 NEW.exe
[2020-04-07 12:41:15] [info] ----------------------------------------------------
[2020-04-07 12:41:15] [info] Coverage binary generated in file: C:\Users\redta\AppData\Local\Temp\n5j1odvr.dd5
[2020-04-07 12:41:15] [info] ----------------------------------------------------
